<?xml version="1.0" encoding="UTF-8"?>
<testng-results ignored="0" total="2" passed="2" failed="0" skipped="0">
  <reporter-output>
  </reporter-output>
  <suite started-at="2023-08-28T01:10:49 IST" name="Case Study" finished-at="2023-08-28T01:10:59 IST" duration-ms="9869">
    <groups>
    </groups>
    <test started-at="2023-08-28T01:10:49 IST" name="AutomationPanda" finished-at="2023-08-28T01:10:59 IST" duration-ms="9869">
      <class name="TestCases.Scenario1_Test_AutomationPanda">
        <test-method is-config="true" signature="initiateURL(java.lang.String)[pri:0, instance:TestCases.Scenario1_Test_AutomationPanda@327b636c]" started-at="2023-08-28T01:10:42 IST" name="initiateURL" finished-at="2023-08-28T01:10:49 IST" duration-ms="7857" status="PASS">
          <params>
            <param index="0">
              <value>
                <![CDATA[AutomationPanda]]>
              </value>
            </param>
          </params>
          <reporter-output>
          </reporter-output>
        </test-method> <!-- initiateURL -->
        <test-method is-config="true" signature="openURL()[pri:0, instance:TestCases.Scenario1_Test_AutomationPanda@327b636c]" started-at="2023-08-28T01:10:49 IST" name="openURL" finished-at="2023-08-28T01:10:49 IST" duration-ms="31" status="PASS">
          <reporter-output>
          </reporter-output>
        </test-method> <!-- openURL -->
        <test-method signature="TestAutomationPanda1()[pri:0, instance:TestCases.Scenario1_Test_AutomationPanda@327b636c]" started-at="2023-08-28T01:10:49 IST" name="TestAutomationPanda1" finished-at="2023-08-28T01:10:58 IST" duration-ms="8718" status="PASS">
          <reporter-output>
          </reporter-output>
        </test-method> <!-- TestAutomationPanda1 -->
        <test-method is-config="true" signature="closeBrowserWindow()[pri:0, instance:TestCases.Scenario1_Test_AutomationPanda@327b636c]" started-at="2023-08-28T01:10:58 IST" name="closeBrowserWindow" finished-at="2023-08-28T01:10:59 IST" duration-ms="1084" status="PASS">
          <reporter-output>
          </reporter-output>
        </test-method> <!-- closeBrowserWindow -->
      </class> <!-- TestCases.Scenario1_Test_AutomationPanda -->
    </test> <!-- AutomationPanda -->
  </suite> <!-- Case Study -->
  <suite started-at="2023-08-28T01:11:09 IST" name="Case Study (0)" finished-at="2023-08-28T01:11:26 IST" duration-ms="16641">
    <groups>
    </groups>
    <test started-at="2023-08-28T01:11:09 IST" name="Flipkart" finished-at="2023-08-28T01:11:26 IST" duration-ms="16641">
      <class name="TestCases.Scenario2_Test_Flipkart">
        <test-method is-config="true" signature="initiateURL(java.lang.String)[pri:0, instance:TestCases.Scenario2_Test_Flipkart@75f32542]" started-at="2023-08-28T01:10:59 IST" name="initiateURL" finished-at="2023-08-28T01:11:09 IST" duration-ms="9731" status="PASS">
          <params>
            <param index="0">
              <value>
                <![CDATA[flipkart]]>
              </value>
            </param>
          </params>
          <reporter-output>
          </reporter-output>
        </test-method> <!-- initiateURL -->
        <test-method is-config="true" signature="openURL()[pri:0, instance:TestCases.Scenario2_Test_Flipkart@75f32542]" started-at="2023-08-28T01:11:09 IST" name="openURL" finished-at="2023-08-28T01:11:09 IST" duration-ms="15" status="PASS">
          <reporter-output>
          </reporter-output>
        </test-method> <!-- openURL -->
        <test-method signature="TestFlipkart()[pri:0, instance:TestCases.Scenario2_Test_Flipkart@75f32542]" started-at="2023-08-28T01:11:09 IST" name="TestFlipkart" finished-at="2023-08-28T01:11:24 IST" duration-ms="15360" status="PASS">
          <reporter-output>
          </reporter-output>
        </test-method> <!-- TestFlipkart -->
        <test-method is-config="true" signature="closeBrowserWindow()[pri:0, instance:TestCases.Scenario2_Test_Flipkart@75f32542]" started-at="2023-08-28T01:11:24 IST" name="closeBrowserWindow" finished-at="2023-08-28T01:11:26 IST" duration-ms="1264" status="PASS">
          <reporter-output>
          </reporter-output>
        </test-method> <!-- closeBrowserWindow -->
      </class> <!-- TestCases.Scenario2_Test_Flipkart -->
    </test> <!-- Flipkart -->
  </suite> <!-- Case Study (0) -->
</testng-results>
